Checking whether the ASM compiler is GNU using "--version" did not match "(GNU assembler)|(GCC)|(Free Software Foundation)":
Apple clang version 11.0.0 (clang-1100.0.33.12)
Target: x86_64-apple-darwin19.0.0
Thread model: posix
InstalledDir: /Library/Developer/CommandLineTools/usr/bin
Determining if the function explicit_bzero exists in the c failed with the following output:
Change Dir: /Users/hahyunsoo/Github/Anonymityvoting/build/Darwin/master/debug/CMakeFiles/CMakeTmp

Run Build Command(s):/usr/bin/make cmTC_799bd/fast && /Library/Developer/CommandLineTools/usr/bin/make -f CMakeFiles/cmTC_799bd.dir/build.make CMakeFiles/cmTC_799bd.dir/build
Building C object CMakeFiles/cmTC_799bd.dir/CheckFunctionExists.c.o
/Library/Developer/CommandLineTools/usr/bin/cc   -DCHECK_FUNCTION_EXISTS=explicit_bzero -isysroot /Library/Developer/CommandLineTools/SDKs/MacOSX10.15.sdk   -o CMakeFiles/cmTC_799bd.dir/CheckFunctionExists.c.o   -c /usr/local/Cellar/cmake/3.15.5/share/cmake/Modules/CheckFunctionExists.c
Linking C executable cmTC_799bd
/usr/local/Cellar/cmake/3.15.5/bin/cmake -E cmake_link_script CMakeFiles/cmTC_799bd.dir/link.txt --verbose=1
/Library/Developer/CommandLineTools/usr/bin/cc  -DCHECK_FUNCTION_EXISTS=explicit_bzero -isysroot /Library/Developer/CommandLineTools/SDKs/MacOSX10.15.sdk -Wl,-search_paths_first -Wl,-headerpad_max_install_names   CMakeFiles/cmTC_799bd.dir/CheckFunctionExists.c.o  -o cmTC_799bd  -L/Users/hahyunsoo/Github/Anonymityvoting/build/Darwin/master/debug/CMakeFiles/CMakeTmp/strings.h -Wl,-rpath,/Users/hahyunsoo/Github/Anonymityvoting/build/Darwin/master/debug/CMakeFiles/CMakeTmp/strings.h -lc 
ld: warning: directory not found for option '-L/Users/hahyunsoo/Github/Anonymityvoting/build/Darwin/master/debug/CMakeFiles/CMakeTmp/strings.h'
Undefined symbols for architecture x86_64:
  "_explicit_bzero", referenced from:
      _main in CheckFunctionExists.c.o
ld: symbol(s) not found for architecture x86_64
clang: error: linker command failed with exit code 1 (use -v to see invocation)
make[2]: *** [cmTC_799bd] Error 1
make[1]: *** [cmTC_799bd/fast] Error 2



Performing C SOURCE FILE Test _fstack_clash_protection_c failed with the following output:
Change Dir: /Users/hahyunsoo/Github/Anonymityvoting/build/Darwin/master/debug/CMakeFiles/CMakeTmp

Run Build Command(s):/usr/bin/make cmTC_f4733/fast && /Library/Developer/CommandLineTools/usr/bin/make -f CMakeFiles/cmTC_f4733.dir/build.make CMakeFiles/cmTC_f4733.dir/build
Building C object CMakeFiles/cmTC_f4733.dir/src.c.o
/Library/Developer/CommandLineTools/usr/bin/cc   -maes -march=native -fno-strict-aliasing -D_fstack_clash_protection_c -isysroot /Library/Developer/CommandLineTools/SDKs/MacOSX10.15.sdk   -fstack-clash-protection -o CMakeFiles/cmTC_f4733.dir/src.c.o   -c /Users/hahyunsoo/Github/Anonymityvoting/build/Darwin/master/debug/CMakeFiles/CMakeTmp/src.c
clang: error: unknown argument: '-fstack-clash-protection'
make[2]: *** [CMakeFiles/cmTC_f4733.dir/src.c.o] Error 1
make[1]: *** [cmTC_f4733/fast] Error 2


Source file was:
int main(void) { return 0; }
Performing C++ SOURCE FILE Test _fstack_clash_protection_cxx failed with the following output:
Change Dir: /Users/hahyunsoo/Github/Anonymityvoting/build/Darwin/master/debug/CMakeFiles/CMakeTmp

Run Build Command(s):/usr/bin/make cmTC_25eae/fast && /Library/Developer/CommandLineTools/usr/bin/make -f CMakeFiles/cmTC_25eae.dir/build.make CMakeFiles/cmTC_25eae.dir/build
Building CXX object CMakeFiles/cmTC_25eae.dir/src.cxx.o
/Library/Developer/CommandLineTools/usr/bin/c++    -march=x86-64 -fvisibility=default -std=c++11 -maes -march=native -fno-strict-aliasing -D_fstack_clash_protection_cxx -isysroot /Library/Developer/CommandLineTools/SDKs/MacOSX10.15.sdk   -fstack-clash-protection -o CMakeFiles/cmTC_25eae.dir/src.cxx.o -c /Users/hahyunsoo/Github/Anonymityvoting/build/Darwin/master/debug/CMakeFiles/CMakeTmp/src.cxx
clang: error: unknown argument: '-fstack-clash-protection'
make[2]: *** [CMakeFiles/cmTC_25eae.dir/src.cxx.o] Error 1
make[1]: *** [cmTC_25eae/fast] Error 2


Source file was:
int main() { return 0; }
Performing C SOURCE FILE Test _mmitigate_rop_c failed with the following output:
Change Dir: /Users/hahyunsoo/Github/Anonymityvoting/build/Darwin/master/debug/CMakeFiles/CMakeTmp

Run Build Command(s):/usr/bin/make cmTC_7f80e/fast && /Library/Developer/CommandLineTools/usr/bin/make -f CMakeFiles/cmTC_7f80e.dir/build.make CMakeFiles/cmTC_7f80e.dir/build
Building C object CMakeFiles/cmTC_7f80e.dir/src.c.o
/Library/Developer/CommandLineTools/usr/bin/cc   -maes -march=native -fno-strict-aliasing -D_mmitigate_rop_c -isysroot /Library/Developer/CommandLineTools/SDKs/MacOSX10.15.sdk   -mmitigate-rop -o CMakeFiles/cmTC_7f80e.dir/src.c.o   -c /Users/hahyunsoo/Github/Anonymityvoting/build/Darwin/master/debug/CMakeFiles/CMakeTmp/src.c
clang: error: unknown argument: '-mmitigate-rop'
make[2]: *** [CMakeFiles/cmTC_7f80e.dir/src.c.o] Error 1
make[1]: *** [cmTC_7f80e/fast] Error 2


Source file was:
int main(void) { return 0; }
Performing C++ SOURCE FILE Test _mmitigate_rop_cxx failed with the following output:
Change Dir: /Users/hahyunsoo/Github/Anonymityvoting/build/Darwin/master/debug/CMakeFiles/CMakeTmp

Run Build Command(s):/usr/bin/make cmTC_45abd/fast && /Library/Developer/CommandLineTools/usr/bin/make -f CMakeFiles/cmTC_45abd.dir/build.make CMakeFiles/cmTC_45abd.dir/build
Building CXX object CMakeFiles/cmTC_45abd.dir/src.cxx.o
/Library/Developer/CommandLineTools/usr/bin/c++    -march=x86-64 -fvisibility=default -std=c++11 -maes -march=native -fno-strict-aliasing -D_mmitigate_rop_cxx -isysroot /Library/Developer/CommandLineTools/SDKs/MacOSX10.15.sdk   -mmitigate-rop -o CMakeFiles/cmTC_45abd.dir/src.cxx.o -c /Users/hahyunsoo/Github/Anonymityvoting/build/Darwin/master/debug/CMakeFiles/CMakeTmp/src.cxx
clang: error: unknown argument: '-mmitigate-rop'
make[2]: *** [CMakeFiles/cmTC_45abd.dir/src.cxx.o] Error 1
make[1]: *** [cmTC_45abd/fast] Error 2


Source file was:
int main() { return 0; }
Determining if the -Wl,-z,relro linker flag is supported failed with the following output:
Change Dir: /Users/hahyunsoo/Github/Anonymityvoting/build/Darwin/master/debug/CMakeFiles/CMakeTmp

Run Build Command(s):/usr/bin/make cmTC_a628f/fast && /Library/Developer/CommandLineTools/usr/bin/make -f CMakeFiles/cmTC_a628f.dir/build.make CMakeFiles/cmTC_a628f.dir/build
Building C object CMakeFiles/cmTC_a628f.dir/CheckLinkerFlag.c.o
/Library/Developer/CommandLineTools/usr/bin/cc   -Wl,-z,relro  -isysroot /Library/Developer/CommandLineTools/SDKs/MacOSX10.15.sdk   -Wl,-z,relro -o CMakeFiles/cmTC_a628f.dir/CheckLinkerFlag.c.o   -c /Users/hahyunsoo/Github/Anonymityvoting/cmake/CheckLinkerFlag.c
clang: warning: -Wl,-z,relro: 'linker' input unused [-Wunused-command-line-argument]
clang: warning: -Wl,-z,relro: 'linker' input unused [-Wunused-command-line-argument]
Linking C executable cmTC_a628f
/usr/local/Cellar/cmake/3.15.5/bin/cmake -E cmake_link_script CMakeFiles/cmTC_a628f.dir/link.txt --verbose=1
/Library/Developer/CommandLineTools/usr/bin/cc -Wl,-z,relro  -isysroot /Library/Developer/CommandLineTools/SDKs/MacOSX10.15.sdk -Wl,-search_paths_first -Wl,-headerpad_max_install_names   CMakeFiles/cmTC_a628f.dir/CheckLinkerFlag.c.o  -o cmTC_a628f 
ld: unknown option: -z
clang: error: linker command failed with exit code 1 (use -v to see invocation)
make[2]: *** [cmTC_a628f] Error 1
make[1]: *** [cmTC_a628f/fast] Error 2



Determining if the -Wl,-z,now linker flag is supported failed with the following output:
Change Dir: /Users/hahyunsoo/Github/Anonymityvoting/build/Darwin/master/debug/CMakeFiles/CMakeTmp

Run Build Command(s):/usr/bin/make cmTC_4124c/fast && /Library/Developer/CommandLineTools/usr/bin/make -f CMakeFiles/cmTC_4124c.dir/build.make CMakeFiles/cmTC_4124c.dir/build
Building C object CMakeFiles/cmTC_4124c.dir/CheckLinkerFlag.c.o
/Library/Developer/CommandLineTools/usr/bin/cc   -Wl,-z,now  -isysroot /Library/Developer/CommandLineTools/SDKs/MacOSX10.15.sdk   -Wl,-z,now -o CMakeFiles/cmTC_4124c.dir/CheckLinkerFlag.c.o   -c /Users/hahyunsoo/Github/Anonymityvoting/cmake/CheckLinkerFlag.c
clang: warning: -Wl,-z,now: 'linker' input unused [-Wunused-command-line-argument]
clang: warning: -Wl,-z,now: 'linker' input unused [-Wunused-command-line-argument]
Linking C executable cmTC_4124c
/usr/local/Cellar/cmake/3.15.5/bin/cmake -E cmake_link_script CMakeFiles/cmTC_4124c.dir/link.txt --verbose=1
/Library/Developer/CommandLineTools/usr/bin/cc -Wl,-z,now  -isysroot /Library/Developer/CommandLineTools/SDKs/MacOSX10.15.sdk -Wl,-search_paths_first -Wl,-headerpad_max_install_names   CMakeFiles/cmTC_4124c.dir/CheckLinkerFlag.c.o  -o cmTC_4124c 
ld: unknown option: -z
clang: error: linker command failed with exit code 1 (use -v to see invocation)
make[2]: *** [cmTC_4124c] Error 1
make[1]: *** [cmTC_4124c/fast] Error 2



Determining if the -Wl,-z,noexecstack linker flag is supported failed with the following output:
Change Dir: /Users/hahyunsoo/Github/Anonymityvoting/build/Darwin/master/debug/CMakeFiles/CMakeTmp

Run Build Command(s):/usr/bin/make cmTC_415e1/fast && /Library/Developer/CommandLineTools/usr/bin/make -f CMakeFiles/cmTC_415e1.dir/build.make CMakeFiles/cmTC_415e1.dir/build
Building C object CMakeFiles/cmTC_415e1.dir/CheckLinkerFlag.c.o
/Library/Developer/CommandLineTools/usr/bin/cc   -Wl,-z,noexecstack  -isysroot /Library/Developer/CommandLineTools/SDKs/MacOSX10.15.sdk   -Wl,-z,noexecstack -o CMakeFiles/cmTC_415e1.dir/CheckLinkerFlag.c.o   -c /Users/hahyunsoo/Github/Anonymityvoting/cmake/CheckLinkerFlag.c
clang: warning: -Wl,-z,noexecstack: 'linker' input unused [-Wunused-command-line-argument]
clang: warning: -Wl,-z,noexecstack: 'linker' input unused [-Wunused-command-line-argument]
Linking C executable cmTC_415e1
/usr/local/Cellar/cmake/3.15.5/bin/cmake -E cmake_link_script CMakeFiles/cmTC_415e1.dir/link.txt --verbose=1
/Library/Developer/CommandLineTools/usr/bin/cc -Wl,-z,noexecstack  -isysroot /Library/Developer/CommandLineTools/SDKs/MacOSX10.15.sdk -Wl,-search_paths_first -Wl,-headerpad_max_install_names   CMakeFiles/cmTC_415e1.dir/CheckLinkerFlag.c.o  -o cmTC_415e1 
ld: unknown option: -z
clang: error: linker command failed with exit code 1 (use -v to see invocation)
make[2]: *** [cmTC_415e1] Error 1
make[1]: *** [cmTC_415e1/fast] Error 2



Determining if the -Wl,-z,noexecheap linker flag is supported failed with the following output:
Change Dir: /Users/hahyunsoo/Github/Anonymityvoting/build/Darwin/master/debug/CMakeFiles/CMakeTmp

Run Build Command(s):/usr/bin/make cmTC_10952/fast && /Library/Developer/CommandLineTools/usr/bin/make -f CMakeFiles/cmTC_10952.dir/build.make CMakeFiles/cmTC_10952.dir/build
Building C object CMakeFiles/cmTC_10952.dir/CheckLinkerFlag.c.o
/Library/Developer/CommandLineTools/usr/bin/cc   -Wl,-z,noexecheap  -isysroot /Library/Developer/CommandLineTools/SDKs/MacOSX10.15.sdk   -Wl,-z,noexecheap -o CMakeFiles/cmTC_10952.dir/CheckLinkerFlag.c.o   -c /Users/hahyunsoo/Github/Anonymityvoting/cmake/CheckLinkerFlag.c
clang: warning: -Wl,-z,noexecheap: 'linker' input unused [-Wunused-command-line-argument]
clang: warning: -Wl,-z,noexecheap: 'linker' input unused [-Wunused-command-line-argument]
Linking C executable cmTC_10952
/usr/local/Cellar/cmake/3.15.5/bin/cmake -E cmake_link_script CMakeFiles/cmTC_10952.dir/link.txt --verbose=1
/Library/Developer/CommandLineTools/usr/bin/cc -Wl,-z,noexecheap  -isysroot /Library/Developer/CommandLineTools/SDKs/MacOSX10.15.sdk -Wl,-search_paths_first -Wl,-headerpad_max_install_names   CMakeFiles/cmTC_10952.dir/CheckLinkerFlag.c.o  -o cmTC_10952 
ld: unknown option: -z
clang: error: linker command failed with exit code 1 (use -v to see invocation)
make[2]: *** [cmTC_10952] Error 1
make[1]: *** [cmTC_10952/fast] Error 2



